<?xml version="1.0" encoding="UTF-8"?>
<Site BuildName="(empty)"
	BuildStamp="20260223-2206-Experimental"
	Name="PowerHouseCOM"
	Generator="ctest-3.28.3"
	CompilerName="/usr/bin/g++"
	CompilerVersion="13.3.0"
	OSName="Linux"
	Hostname="PowerHouseCOM"
	OSRelease="6.6.87.2-microsoft-standard-WSL2"
	OSVersion="#1 SMP PREEMPT_DYNAMIC Thu Jun  5 18:30:46 UTC 2025"
	OSPlatform="x86_64"
	Is64Bits="1"
	VendorString="AuthenticAMD"
	VendorID="Advanced Micro Devices"
	FamilyID="25"
	ModelID="97"
	ProcessorCacheSize="1024"
	NumberOfLogicalCPU="16"
	NumberOfPhysicalCPU="8"
	TotalVirtualMemory="4096"
	TotalPhysicalMemory="15544"
	LogicalProcessorsPerPhysical="2"
	ProcessorClockFrequency="4192.04"
	>
	<Testing>
		<StartDateTime>Feb 23 18:06 AST</StartDateTime>
		<StartTestTime>1771884400</StartTestTime>
		<TestList/>
		<EndDateTime>Feb 23 18:06 AST</EndDateTime>
		<EndTestTime>1771884400</EndTestTime>
		<ElapsedMinutes>0</ElapsedMinutes>
	</Testing>
</Site>
